# JRE version: Java(TM) SE Runtime Environment (8.0_121-b13) (build 1.8.0_121-b13)
# Java VM: Java HotSpot(TM) 64-Bit Server VM (25.121-b13 mixed mode windows-amd64 compressed oops)
Heap:
 PSYoungGen      total 102400K, used 80802K [0x00000000e0900000, 0x00000000e7100000, 0x0000000100000000)
  eden space 98304K, 78% used [0x00000000e0900000,0x00000000e53e88b0,0x00000000e6900000)
  from space 4096K, 100% used [0x00000000e6900000,0x00000000e6d00000,0x00000000e6d00000)
  to   space 4096K, 0% used [0x00000000e6d00000,0x00000000e6d00000,0x00000000e7100000)
 ParOldGen       total 57856K, used 38215K [0x00000000a1a00000, 0x00000000a5280000, 0x00000000e0900000)
  object space 57856K, 66% used [0x00000000a1a00000,0x00000000a3f51ce8,0x00000000a5280000)
 Metaspace       used 46567K, capacity 48992K, committed 49152K, reserved 1093632K
  class space    used 6454K, capacity 6904K, committed 6912K, reserved 1048576K
GC Heap History (10 events):
Event: 16.245 GC heap before
{Heap before GC invocations=12 (full 2):
 PSYoungGen      total 102400K, used 102400K [0x00000000e0900000, 0x00000000e7100000, 0x0000000100000000)
  eden space 98304K, 100% used [0x00000000e0900000,0x00000000e6900000,0x00000000e6900000)
  from space 4096K, 100% used [0x00000000e6900000,0x00000000e6d00000,0x00000000e6d00000)
  to   space 4096K, 0% used [0x00000000e6d00000,0x00000000e6d00000,0x00000000e7100000)
 ParOldGen       total 57856K, used 22404K [0x00000000a1a00000, 0x00000000a5280000, 0x00000000e0900000)
  object space 57856K, 38% used [0x00000000a1a00000,0x00000000a2fe13f0,0x00000000a5280000)
 Metaspace       used 33431K, capacity 35238K, committed 35456K, reserved 1081344K
  class space    used 4592K, capacity 4951K, committed 4992K, reserved 1048576K
Event: 16.264 GC heap after
Heap after GC invocations=12 (full 2):
 PSYoungGen      total 102400K, used 4068K [0x00000000e0900000, 0x00000000e7100000, 0x0000000100000000)
  eden space 98304K, 0% used [0x00000000e0900000,0x00000000e0900000,0x00000000e6900000)
  from space 4096K, 99% used [0x00000000e6d00000,0x00000000e70f9220,0x00000000e7100000)
  to   space 4096K, 0% used [0x00000000e6900000,0x00000000e6900000,0x00000000e6d00000)
 ParOldGen       total 57856K, used 26505K [0x00000000a1a00000, 0x00000000a5280000, 0x00000000e0900000)
  object space 57856K, 45% used [0x00000000a1a00000,0x00000000a33e2410,0x00000000a5280000)
 Metaspace       used 33431K, capacity 35238K, committed 35456K, reserved 1081344K
  class space    used 4592K, capacity 4951K, committed 4992K, reserved 1048576K
}
Event: 18.058 GC heap before
{Heap before GC invocations=13 (full 2):
 PSYoungGen      total 102400K, used 97019K [0x00000000e0900000, 0x00000000e7100000, 0x0000000100000000)
  eden space 98304K, 94% used [0x00000000e0900000,0x00000000e63c5b50,0x00000000e6900000)
  from space 4096K, 99% used [0x00000000e6d00000,0x00000000e70f9220,0x00000000e7100000)
  to   space 4096K, 0% used [0x00000000e6900000,0x00000000e6900000,0x00000000e6d00000)
 ParOldGen       total 57856K, used 26505K [0x00000000a1a00000, 0x00000000a5280000, 0x00000000e0900000)
  object space 57856K, 45% used [0x00000000a1a00000,0x00000000a33e2410,0x00000000a5280000)
 Metaspace       used 40262K, capacity 42066K, committed 42240K, reserved 1087488K
  class space    used 5526K, capacity 5867K, committed 5888K, reserved 1048576K
Event: 18.083 GC heap after
Heap after GC invocations=13 (full 2):
 PSYoungGen      total 102400K, used 4080K [0x00000000e0900000, 0x00000000e7100000, 0x0000000100000000)
  eden space 98304K, 0% used [0x00000000e0900000,0x00000000e0900000,0x00000000e6900000)
  from space 4096K, 99% used [0x00000000e6900000,0x00000000e6cfc110,0x00000000e6d00000)
  to   space 4096K, 0% used [0x00000000e6d00000,0x00000000e6d00000,0x00000000e7100000)
 ParOldGen       total 57856K, used 34527K [0x00000000a1a00000, 0x00000000a5280000, 0x00000000e0900000)
  object space 57856K, 59% used [0x00000000a1a00000,0x00000000a3bb7f00,0x00000000a5280000)
 Metaspace       used 40262K, capacity 42066K, committed 42240K, reserved 1087488K
  class space    used 5526K, capacity 5867K, committed 5888K, reserved 1048576K
}
Event: 18.083 GC heap before
{Heap before GC invocations=14 (full 3):
 PSYoungGen      total 102400K, used 4080K [0x00000000e0900000, 0x00000000e7100000, 0x0000000100000000)
  eden space 98304K, 0% used [0x00000000e0900000,0x00000000e0900000,0x00000000e6900000)
  from space 4096K, 99% used [0x00000000e6900000,0x00000000e6cfc110,0x00000000e6d00000)
  to   space 4096K, 0% used [0x00000000e6d00000,0x00000000e6d00000,0x00000000e7100000)
 ParOldGen       total 57856K, used 34527K [0x00000000a1a00000, 0x00000000a5280000, 0x00000000e0900000)
  object space 57856K, 59% used [0x00000000a1a00000,0x00000000a3bb7f00,0x00000000a5280000)
 Metaspace       used 40262K, capacity 42066K, committed 42240K, reserved 1087488K
  class space    used 5526K, capacity 5867K, committed 5888K, reserved 1048576K
Event: 18.381 GC heap after
Heap after GC invocations=14 (full 3):
 PSYoungGen      total 102400K, used 0K [0x00000000e0900000, 0x00000000e7100000, 0x0000000100000000)
  eden space 98304K, 0% used [0x00000000e0900000,0x00000000e0900000,0x00000000e6900000)
  from space 4096K, 0% used [0x00000000e6900000,0x00000000e6900000,0x00000000e6d00000)
  to   space 4096K, 0% used [0x00000000e6d00000,0x00000000e6d00000,0x00000000e7100000)
 ParOldGen       total 57856K, used 30099K [0x00000000a1a00000, 0x00000000a5280000, 0x00000000e0900000)
  object space 57856K, 52% used [0x00000000a1a00000,0x00000000a3764eb8,0x00000000a5280000)
 Metaspace       used 40262K, capacity 42066K, committed 42240K, reserved 1087488K
  class space    used 5526K, capacity 5867K, committed 5888K, reserved 1048576K
}
Event: 19.555 GC heap before
{Heap before GC invocations=15 (full 3):
 PSYoungGen      total 102400K, used 98304K [0x00000000e0900000, 0x00000000e7100000, 0x0000000100000000)
  eden space 98304K, 100% used [0x00000000e0900000,0x00000000e6900000,0x00000000e6900000)
  from space 4096K, 0% used [0x00000000e6900000,0x00000000e6900000,0x00000000e6d00000)
  to   space 4096K, 0% used [0x00000000e6d00000,0x00000000e6d00000,0x00000000e7100000)
 ParOldGen       total 57856K, used 30099K [0x00000000a1a00000, 0x00000000a5280000, 0x00000000e0900000)
  object space 57856K, 52% used [0x00000000a1a00000,0x00000000a3764eb8,0x00000000a5280000)
 Metaspace       used 43651K, capacity 45712K, committed 45952K, reserved 1089536K
  class space    used 6014K, capacity 6420K, committed 6528K, reserved 1048576K
Event: 19.569 GC heap after
Heap after GC invocations=15 (full 3):
 PSYoungGen      total 102400K, used 4072K [0x00000000e0900000, 0x00000000e7100000, 0x0000000100000000)
  eden space 98304K, 0% used [0x00000000e0900000,0x00000000e0900000,0x00000000e6900000)
  from space 4096K, 99% used [0x00000000e6d00000,0x00000000e70fa040,0x00000000e7100000)
  to   space 4096K, 0% used [0x00000000e6900000,0x00000000e6900000,0x00000000e6d00000)
 ParOldGen       total 57856K, used 33186K [0x00000000a1a00000, 0x00000000a5280000, 0x00000000e0900000)
  object space 57856K, 57% used [0x00000000a1a00000,0x00000000a3a68b20,0x00000000a5280000)
 Metaspace       used 43651K, capacity 45712K, committed 45952K, reserved 1089536K
  class space    used 6014K, capacity 6420K, committed 6528K, reserved 1048576K
}
Event: 20.521 GC heap before
{Heap before GC invocations=16 (full 3):
 PSYoungGen      total 102400K, used 102376K [0x00000000e0900000, 0x00000000e7100000, 0x0000000100000000)
  eden space 98304K, 100% used [0x00000000e0900000,0x00000000e6900000,0x00000000e6900000)
  from space 4096K, 99% used [0x00000000e6d00000,0x00000000e70fa040,0x00000000e7100000)
  to   space 4096K, 0% used [0x00000000e6900000,0x00000000e6900000,0x00000000e6d00000)
 ParOldGen       total 57856K, used 33186K [0x00000000a1a00000, 0x00000000a5280000, 0x00000000e0900000)
  object space 57856K, 57% used [0x00000000a1a00000,0x00000000a3a68b20,0x00000000a5280000)
 Metaspace       used 45450K, capacity 47730K, committed 48000K, reserved 1091584K
  class space    used 6280K, capacity 6727K, committed 6784K, reserved 1048576K
Event: 20.554 GC heap after
Heap after GC invocations=16 (full 3):
 PSYoungGen      total 102400K, used 4096K [0x00000000e0900000, 0x00000000e7100000, 0x0000000100000000)
  eden space 98304K, 0% used [0x00000000e0900000,0x00000000e0900000,0x00000000e6900000)
  from space 4096K, 100% used [0x00000000e6900000,0x00000000e6d00000,0x00000000e6d00000)
  to   space 4096K, 0% used [0x00000000e6d00000,0x00000000e6d00000,0x00000000e7100000)
 ParOldGen       total 57856K, used 38215K [0x00000000a1a00000, 0x00000000a5280000, 0x00000000e0900000)
  object space 57856K, 66% used [0x00000000a1a00000,0x00000000a3f51ce8,0x00000000a5280000)
 Metaspace       used 45450K, capacity 47730K, committed 48000K, reserved 1091584K
  class space    used 6280K, capacity 6727K, committed 6784K, reserved 1048576K
}

