# JRE version: Java(TM) SE Runtime Environment (8.0_121-b13) (build 1.8.0_121-b13)
# Java VM: Java HotSpot(TM) 64-Bit Server VM (25.121-b13 mixed mode windows-amd64 compressed oops)
Heap:
 PSYoungGen      total 186368K, used 141950K [0x00000000e0900000, 0x00000000eca80000, 0x0000000100000000)
  eden space 178688K, 79% used [0x00000000e0900000,0x00000000e939fa78,0x00000000eb780000)
  from space 7680K, 0% used [0x00000000ec100000,0x00000000ec100000,0x00000000ec880000)
  to   space 9728K, 0% used [0x00000000eb780000,0x00000000eb780000,0x00000000ec100000)
 ParOldGen       total 37888K, used 28192K [0x00000000a1a00000, 0x00000000a3f00000, 0x00000000e0900000)
  object space 37888K, 74% used [0x00000000a1a00000,0x00000000a35882d8,0x00000000a3f00000)
 Metaspace       used 43027K, capacity 45012K, committed 45224K, reserved 1087488K
  class space    used 5895K, capacity 6302K, committed 6312K, reserved 1048576K
GC Heap History (10 events):
Event: 15.525 GC heap before
{Heap before GC invocations=8 (full 1):
 PSYoungGen      total 106496K, used 98304K [0x00000000e0900000, 0x00000000e7900000, 0x0000000100000000)
  eden space 98304K, 100% used [0x00000000e0900000,0x00000000e6900000,0x00000000e6900000)
  from space 8192K, 0% used [0x00000000e7100000,0x00000000e7100000,0x00000000e7900000)
  to   space 8192K, 0% used [0x00000000e6900000,0x00000000e6900000,0x00000000e7100000)
 ParOldGen       total 37888K, used 6267K [0x00000000a1a00000, 0x00000000a3f00000, 0x00000000e0900000)
  object space 37888K, 16% used [0x00000000a1a00000,0x00000000a201ecc8,0x00000000a3f00000)
 Metaspace       used 22407K, capacity 23164K, committed 23424K, reserved 1069056K
  class space    used 2995K, capacity 3194K, committed 3200K, reserved 1048576K
Event: 15.535 GC heap after
Heap after GC invocations=8 (full 1):
 PSYoungGen      total 106496K, used 4900K [0x00000000e0900000, 0x00000000ec880000, 0x0000000100000000)
  eden space 98304K, 0% used [0x00000000e0900000,0x00000000e0900000,0x00000000e6900000)
  from space 8192K, 59% used [0x00000000e6900000,0x00000000e6dc9108,0x00000000e7100000)
  to   space 7680K, 0% used [0x00000000ec100000,0x00000000ec100000,0x00000000ec880000)
 ParOldGen       total 37888K, used 6275K [0x00000000a1a00000, 0x00000000a3f00000, 0x00000000e0900000)
  object space 37888K, 16% used [0x00000000a1a00000,0x00000000a2020cc8,0x00000000a3f00000)
 Metaspace       used 22407K, capacity 23164K, committed 23424K, reserved 1069056K
  class space    used 2995K, capacity 3194K, committed 3200K, reserved 1048576K
}
Event: 17.398 GC heap before
{Heap before GC invocations=9 (full 1):
 PSYoungGen      total 106496K, used 103204K [0x00000000e0900000, 0x00000000ec880000, 0x0000000100000000)
  eden space 98304K, 100% used [0x00000000e0900000,0x00000000e6900000,0x00000000e6900000)
  from space 8192K, 59% used [0x00000000e6900000,0x00000000e6dc9108,0x00000000e7100000)
  to   space 7680K, 0% used [0x00000000ec100000,0x00000000ec100000,0x00000000ec880000)
 ParOldGen       total 37888K, used 6275K [0x00000000a1a00000, 0x00000000a3f00000, 0x00000000e0900000)
  object space 37888K, 16% used [0x00000000a1a00000,0x00000000a2020cc8,0x00000000a3f00000)
 Metaspace       used 24773K, capacity 25750K, committed 25984K, reserved 1071104K
  class space    used 3385K, capacity 3609K, committed 3712K, reserved 1048576K
Event: 17.418 GC heap after
Heap after GC invocations=9 (full 1):
 PSYoungGen      total 186368K, used 7668K [0x00000000e0900000, 0x00000000eca80000, 0x0000000100000000)
  eden space 178688K, 0% used [0x00000000e0900000,0x00000000e0900000,0x00000000eb780000)
  from space 7680K, 99% used [0x00000000ec100000,0x00000000ec87d2b8,0x00000000ec880000)
  to   space 9728K, 0% used [0x00000000eb780000,0x00000000eb780000,0x00000000ec100000)
 ParOldGen       total 37888K, used 8790K [0x00000000a1a00000, 0x00000000a3f00000, 0x00000000e0900000)
  object space 37888K, 23% used [0x00000000a1a00000,0x00000000a2295930,0x00000000a3f00000)
 Metaspace       used 24773K, capacity 25750K, committed 25984K, reserved 1071104K
  class space    used 3385K, capacity 3609K, committed 3712K, reserved 1048576K
}
Event: 20.682 GC heap before
{Heap before GC invocations=10 (full 1):
 PSYoungGen      total 186368K, used 186356K [0x00000000e0900000, 0x00000000eca80000, 0x0000000100000000)
  eden space 178688K, 100% used [0x00000000e0900000,0x00000000eb780000,0x00000000eb780000)
  from space 7680K, 99% used [0x00000000ec100000,0x00000000ec87d2b8,0x00000000ec880000)
  to   space 9728K, 0% used [0x00000000eb780000,0x00000000eb780000,0x00000000ec100000)
 ParOldGen       total 37888K, used 8790K [0x00000000a1a00000, 0x00000000a3f00000, 0x00000000e0900000)
  object space 37888K, 23% used [0x00000000a1a00000,0x00000000a2295930,0x00000000a3f00000)
 Metaspace       used 31534K, capacity 33058K, committed 33280K, reserved 1077248K
  class space    used 4301K, capacity 4605K, committed 4608K, reserved 1048576K
Event: 20.711 GC heap after
Heap after GC invocations=10 (full 1):
 PSYoungGen      total 188416K, used 9721K [0x00000000e0900000, 0x00000000eca80000, 0x0000000100000000)
  eden space 178688K, 0% used [0x00000000e0900000,0x00000000e0900000,0x00000000eb780000)
  from space 9728K, 99% used [0x00000000eb780000,0x00000000ec0fe728,0x00000000ec100000)
  to   space 7680K, 0% used [0x00000000ec100000,0x00000000ec100000,0x00000000ec880000)
 ParOldGen       total 37888K, used 17805K [0x00000000a1a00000, 0x00000000a3f00000, 0x00000000e0900000)
  object space 37888K, 46% used [0x00000000a1a00000,0x00000000a2b63520,0x00000000a3f00000)
 Metaspace       used 31534K, capacity 33058K, committed 33280K, reserved 1077248K
  class space    used 4301K, capacity 4605K, committed 4608K, reserved 1048576K
}
Event: 22.399 GC heap before
{Heap before GC invocations=11 (full 1):
 PSYoungGen      total 188416K, used 152201K [0x00000000e0900000, 0x00000000eca80000, 0x0000000100000000)
  eden space 178688K, 79% used [0x00000000e0900000,0x00000000e9423cd8,0x00000000eb780000)
  from space 9728K, 99% used [0x00000000eb780000,0x00000000ec0fe728,0x00000000ec100000)
  to   space 7680K, 0% used [0x00000000ec100000,0x00000000ec100000,0x00000000ec880000)
 ParOldGen       total 37888K, used 17805K [0x00000000a1a00000, 0x00000000a3f00000, 0x00000000e0900000)
  object space 37888K, 46% used [0x00000000a1a00000,0x00000000a2b63520,0x00000000a3f00000)
 Metaspace       used 33704K, capacity 35448K, committed 35496K, reserved 1079296K
  class space    used 4641K, capacity 4994K, committed 5032K, reserved 1048576K
Event: 22.427 GC heap after
Heap after GC invocations=11 (full 1):
 PSYoungGen      total 186368K, used 7664K [0x00000000e0900000, 0x00000000eca80000, 0x0000000100000000)
  eden space 178688K, 0% used [0x00000000e0900000,0x00000000e0900000,0x00000000eb780000)
  from space 7680K, 99% used [0x00000000ec100000,0x00000000ec87c030,0x00000000ec880000)
  to   space 9728K, 0% used [0x00000000eb780000,0x00000000eb780000,0x00000000ec100000)
 ParOldGen       total 37888K, used 25196K [0x00000000a1a00000, 0x00000000a3f00000, 0x00000000e0900000)
  object space 37888K, 66% used [0x00000000a1a00000,0x00000000a329b010,0x00000000a3f00000)
 Metaspace       used 33704K, capacity 35448K, committed 35496K, reserved 1079296K
  class space    used 4641K, capacity 4994K, committed 5032K, reserved 1048576K
}
Event: 22.427 GC heap before
{Heap before GC invocations=12 (full 2):
 PSYoungGen      total 186368K, used 7664K [0x00000000e0900000, 0x00000000eca80000, 0x0000000100000000)
  eden space 178688K, 0% used [0x00000000e0900000,0x00000000e0900000,0x00000000eb780000)
  from space 7680K, 99% used [0x00000000ec100000,0x00000000ec87c030,0x00000000ec880000)
  to   space 9728K, 0% used [0x00000000eb780000,0x00000000eb780000,0x00000000ec100000)
 ParOldGen       total 37888K, used 25196K [0x00000000a1a00000, 0x00000000a3f00000, 0x00000000e0900000)
  object space 37888K, 66% used [0x00000000a1a00000,0x00000000a329b010,0x00000000a3f00000)
 Metaspace       used 33704K, capacity 35448K, committed 35496K, reserved 1079296K
  class space    used 4641K, capacity 4994K, committed 5032K, reserved 1048576K
Event: 22.632 GC heap after
Heap after GC invocations=12 (full 2):
 PSYoungGen      total 186368K, used 0K [0x00000000e0900000, 0x00000000eca80000, 0x0000000100000000)
  eden space 178688K, 0% used [0x00000000e0900000,0x00000000e0900000,0x00000000eb780000)
  from space 7680K, 0% used [0x00000000ec100000,0x00000000ec100000,0x00000000ec880000)
  to   space 9728K, 0% used [0x00000000eb780000,0x00000000eb780000,0x00000000ec100000)
 ParOldGen       total 37888K, used 28192K [0x00000000a1a00000, 0x00000000a3f00000, 0x00000000e0900000)
  object space 37888K, 74% used [0x00000000a1a00000,0x00000000a35882d8,0x00000000a3f00000)
 Metaspace       used 33704K, capacity 35448K, committed 35496K, reserved 1079296K
  class space    used 4641K, capacity 4994K, committed 5032K, reserved 1048576K
}

