# JRE version: Java(TM) SE Runtime Environment (8.0_121-b13) (build 1.8.0_121-b13)
# Java VM: Java HotSpot(TM) 64-Bit Server VM (25.121-b13 mixed mode windows-amd64 compressed oops)
Heap:
 PSYoungGen      total 192512K, used 68444K [0x00000000e0900000, 0x00000000ecf00000, 0x0000000100000000)
  eden space 182784K, 37% used [0x00000000e0900000,0x00000000e4bd72e0,0x00000000ebb80000)
  from space 9728K, 0% used [0x00000000ebb80000,0x00000000ebb80000,0x00000000ec500000)
  to   space 9216K, 0% used [0x00000000ec500000,0x00000000ec500000,0x00000000ece00000)
 ParOldGen       total 72704K, used 37796K [0x00000000a1a00000, 0x00000000a6100000, 0x00000000e0900000)
  object space 72704K, 51% used [0x00000000a1a00000,0x00000000a3ee90a8,0x00000000a6100000)
 Metaspace       used 53884K, capacity 56642K, committed 56704K, reserved 1099776K
  class space    used 7495K, capacity 8008K, committed 8064K, reserved 1048576K
GC Heap History (10 events):
Event: 32.484 GC heap before
{Heap before GC invocations=12 (full 2):
 PSYoungGen      total 192000K, used 9208K [0x00000000e0900000, 0x00000000ecf00000, 0x0000000100000000)
  eden space 182784K, 0% used [0x00000000e0900000,0x00000000e0900000,0x00000000ebb80000)
  from space 9216K, 99% used [0x00000000ec500000,0x00000000ecdfe070,0x00000000ece00000)
  to   space 9728K, 0% used [0x00000000ebb80000,0x00000000ebb80000,0x00000000ec500000)
 ParOldGen       total 39424K, used 24331K [0x00000000a1a00000, 0x00000000a4080000, 0x00000000e0900000)
  object space 39424K, 61% used [0x00000000a1a00000,0x00000000a31c2e30,0x00000000a4080000)
 Metaspace       used 33752K, capacity 35376K, committed 35456K, reserved 1079296K
  class space    used 4638K, capacity 4985K, committed 4992K, reserved 1048576K
Event: 32.726 GC heap after
Heap after GC invocations=12 (full 2):
 PSYoungGen      total 192000K, used 0K [0x00000000e0900000, 0x00000000ecf00000, 0x0000000100000000)
  eden space 182784K, 0% used [0x00000000e0900000,0x00000000e0900000,0x00000000ebb80000)
  from space 9216K, 0% used [0x00000000ec500000,0x00000000ec500000,0x00000000ece00000)
  to   space 9728K, 0% used [0x00000000ebb80000,0x00000000ebb80000,0x00000000ec500000)
 ParOldGen       total 72704K, used 24249K [0x00000000a1a00000, 0x00000000a6100000, 0x00000000e0900000)
  object space 72704K, 33% used [0x00000000a1a00000,0x00000000a31ae440,0x00000000a6100000)
 Metaspace       used 33752K, capacity 35376K, committed 35456K, reserved 1079296K
  class space    used 4638K, capacity 4985K, committed 4992K, reserved 1048576K
}
Event: 34.600 GC heap before
{Heap before GC invocations=13 (full 2):
 PSYoungGen      total 192000K, used 182784K [0x00000000e0900000, 0x00000000ecf00000, 0x0000000100000000)
  eden space 182784K, 100% used [0x00000000e0900000,0x00000000ebb80000,0x00000000ebb80000)
  from space 9216K, 0% used [0x00000000ec500000,0x00000000ec500000,0x00000000ece00000)
  to   space 9728K, 0% used [0x00000000ebb80000,0x00000000ebb80000,0x00000000ec500000)
 ParOldGen       total 72704K, used 24249K [0x00000000a1a00000, 0x00000000a6100000, 0x00000000e0900000)
  object space 72704K, 33% used [0x00000000a1a00000,0x00000000a31ae440,0x00000000a6100000)
 Metaspace       used 35736K, capacity 37768K, committed 37888K, reserved 1081344K
  class space    used 4964K, capacity 5375K, committed 5376K, reserved 1048576K
Event: 34.611 GC heap after
Heap after GC invocations=13 (full 2):
 PSYoungGen      total 192512K, used 5431K [0x00000000e0900000, 0x00000000ecf00000, 0x0000000100000000)
  eden space 182784K, 0% used [0x00000000e0900000,0x00000000e0900000,0x00000000ebb80000)
  from space 9728K, 55% used [0x00000000ebb80000,0x00000000ec0cde50,0x00000000ec500000)
  to   space 9216K, 0% used [0x00000000ec500000,0x00000000ec500000,0x00000000ece00000)
 ParOldGen       total 72704K, used 24257K [0x00000000a1a00000, 0x00000000a6100000, 0x00000000e0900000)
  object space 72704K, 33% used [0x00000000a1a00000,0x00000000a31b0440,0x00000000a6100000)
 Metaspace       used 35736K, capacity 37768K, committed 37888K, reserved 1081344K
  class space    used 4964K, capacity 5375K, committed 5376K, reserved 1048576K
}
Event: 37.764 GC heap before
{Heap before GC invocations=14 (full 2):
 PSYoungGen      total 192512K, used 188215K [0x00000000e0900000, 0x00000000ecf00000, 0x0000000100000000)
  eden space 182784K, 100% used [0x00000000e0900000,0x00000000ebb80000,0x00000000ebb80000)
  from space 9728K, 55% used [0x00000000ebb80000,0x00000000ec0cde50,0x00000000ec500000)
  to   space 9216K, 0% used [0x00000000ec500000,0x00000000ec500000,0x00000000ece00000)
 ParOldGen       total 72704K, used 24257K [0x00000000a1a00000, 0x00000000a6100000, 0x00000000e0900000)
  object space 72704K, 33% used [0x00000000a1a00000,0x00000000a31b0440,0x00000000a6100000)
 Metaspace       used 47269K, capacity 49304K, committed 49792K, reserved 1091584K
  class space    used 6527K, capacity 6945K, committed 7040K, reserved 1048576K
Event: 37.789 GC heap after
Heap after GC invocations=14 (full 2):
 PSYoungGen      total 192000K, used 9196K [0x00000000e0900000, 0x00000000ecf00000, 0x0000000100000000)
  eden space 182784K, 0% used [0x00000000e0900000,0x00000000e0900000,0x00000000ebb80000)
  from space 9216K, 99% used [0x00000000ec500000,0x00000000ecdfb2f8,0x00000000ece00000)
  to   space 9728K, 0% used [0x00000000ebb80000,0x00000000ebb80000,0x00000000ec500000)
 ParOldGen       total 72704K, used 31784K [0x00000000a1a00000, 0x00000000a6100000, 0x00000000e0900000)
  object space 72704K, 43% used [0x00000000a1a00000,0x00000000a390a368,0x00000000a6100000)
 Metaspace       used 47269K, capacity 49304K, committed 49792K, reserved 1091584K
  class space    used 6527K, capacity 6945K, committed 7040K, reserved 1048576K
}
Event: 39.901 GC heap before
{Heap before GC invocations=15 (full 2):
 PSYoungGen      total 192000K, used 174760K [0x00000000e0900000, 0x00000000ecf00000, 0x0000000100000000)
  eden space 182784K, 90% used [0x00000000e0900000,0x00000000eaaaf070,0x00000000ebb80000)
  from space 9216K, 99% used [0x00000000ec500000,0x00000000ecdfb2f8,0x00000000ece00000)
  to   space 9728K, 0% used [0x00000000ebb80000,0x00000000ebb80000,0x00000000ec500000)
 ParOldGen       total 72704K, used 31784K [0x00000000a1a00000, 0x00000000a6100000, 0x00000000e0900000)
  object space 72704K, 43% used [0x00000000a1a00000,0x00000000a390a368,0x00000000a6100000)
 Metaspace       used 52912K, capacity 55464K, committed 55680K, reserved 1097728K
  class space    used 7321K, capacity 7791K, committed 7808K, reserved 1048576K
Event: 39.929 GC heap after
Heap after GC invocations=15 (full 2):
 PSYoungGen      total 192512K, used 8379K [0x00000000e0900000, 0x00000000ecf00000, 0x0000000100000000)
  eden space 182784K, 0% used [0x00000000e0900000,0x00000000e0900000,0x00000000ebb80000)
  from space 9728K, 86% used [0x00000000ebb80000,0x00000000ec3aee50,0x00000000ec500000)
  to   space 9216K, 0% used [0x00000000ec500000,0x00000000ec500000,0x00000000ece00000)
 ParOldGen       total 72704K, used 40125K [0x00000000a1a00000, 0x00000000a6100000, 0x00000000e0900000)
  object space 72704K, 55% used [0x00000000a1a00000,0x00000000a412f7a8,0x00000000a6100000)
 Metaspace       used 52912K, capacity 55464K, committed 55680K, reserved 1097728K
  class space    used 7321K, capacity 7791K, committed 7808K, reserved 1048576K
}
Event: 39.929 GC heap before
{Heap before GC invocations=16 (full 3):
 PSYoungGen      total 192512K, used 8379K [0x00000000e0900000, 0x00000000ecf00000, 0x0000000100000000)
  eden space 182784K, 0% used [0x00000000e0900000,0x00000000e0900000,0x00000000ebb80000)
  from space 9728K, 86% used [0x00000000ebb80000,0x00000000ec3aee50,0x00000000ec500000)
  to   space 9216K, 0% used [0x00000000ec500000,0x00000000ec500000,0x00000000ece00000)
 ParOldGen       total 72704K, used 40125K [0x00000000a1a00000, 0x00000000a6100000, 0x00000000e0900000)
  object space 72704K, 55% used [0x00000000a1a00000,0x00000000a412f7a8,0x00000000a6100000)
 Metaspace       used 52912K, capacity 55464K, committed 55680K, reserved 1097728K
  class space    used 7321K, capacity 7791K, committed 7808K, reserved 1048576K
Event: 40.278 GC heap after
Heap after GC invocations=16 (full 3):
 PSYoungGen      total 192512K, used 0K [0x00000000e0900000, 0x00000000ecf00000, 0x0000000100000000)
  eden space 182784K, 0% used [0x00000000e0900000,0x00000000e0900000,0x00000000ebb80000)
  from space 9728K, 0% used [0x00000000ebb80000,0x00000000ebb80000,0x00000000ec500000)
  to   space 9216K, 0% used [0x00000000ec500000,0x00000000ec500000,0x00000000ece00000)
 ParOldGen       total 72704K, used 37796K [0x00000000a1a00000, 0x00000000a6100000, 0x00000000e0900000)
  object space 72704K, 51% used [0x00000000a1a00000,0x00000000a3ee90a8,0x00000000a6100000)
 Metaspace       used 52908K, capacity 55458K, committed 55680K, reserved 1097728K
  class space    used 7321K, capacity 7790K, committed 7808K, reserved 1048576K
}

