# JRE version: Java(TM) SE Runtime Environment (8.0_121-b13) (build 1.8.0_121-b13)
# Java VM: Java HotSpot(TM) 64-Bit Server VM (25.121-b13 mixed mode windows-amd64 compressed oops)
Heap:
 PSYoungGen      total 98816K, used 17356K [0x00000000e0900000, 0x00000000e7880000, 0x0000000100000000)
  eden space 89600K, 19% used [0x00000000e0900000,0x00000000e19f3328,0x00000000e6080000)
  from space 9216K, 0% used [0x00000000e6680000,0x00000000e6680000,0x00000000e6f80000)
  to   space 7680K, 0% used [0x00000000e7100000,0x00000000e7100000,0x00000000e7880000)
 ParOldGen       total 66048K, used 21240K [0x00000000a1a00000, 0x00000000a5a80000, 0x00000000e0900000)
  object space 66048K, 32% used [0x00000000a1a00000,0x00000000a2ebe1d8,0x00000000a5a80000)
 Metaspace       used 36168K, capacity 37496K, committed 37760K, reserved 1081344K
  class space    used 4894K, capacity 5195K, committed 5248K, reserved 1048576K
GC Heap History (10 events):
Event: 4.494 GC heap before
{Heap before GC invocations=7 (full 1):
 PSYoungGen      total 53248K, used 49131K [0x00000000e0900000, 0x00000000e7900000, 0x0000000100000000)
  eden space 49152K, 99% used [0x00000000e0900000,0x00000000e38fad20,0x00000000e3900000)
  from space 4096K, 0% used [0x00000000e3900000,0x00000000e3900000,0x00000000e3d00000)
  to   space 8192K, 0% used [0x00000000e7100000,0x00000000e7100000,0x00000000e7900000)
 ParOldGen       total 39936K, used 7469K [0x00000000a1a00000, 0x00000000a4100000, 0x00000000e0900000)
  object space 39936K, 18% used [0x00000000a1a00000,0x00000000a214b468,0x00000000a4100000)
 Metaspace       used 22897K, capacity 23608K, committed 23808K, reserved 1069056K
  class space    used 3072K, capacity 3279K, committed 3328K, reserved 1048576K
Event: 4.510 GC heap after
Heap after GC invocations=7 (full 1):
 PSYoungGen      total 97280K, used 7627K [0x00000000e0900000, 0x00000000e7880000, 0x0000000100000000)
  eden space 89600K, 0% used [0x00000000e0900000,0x00000000e0900000,0x00000000e6080000)
  from space 7680K, 99% used [0x00000000e7100000,0x00000000e7872dd8,0x00000000e7880000)
  to   space 9216K, 0% used [0x00000000e6680000,0x00000000e6680000,0x00000000e6f80000)
 ParOldGen       total 39936K, used 7541K [0x00000000a1a00000, 0x00000000a4100000, 0x00000000e0900000)
  object space 39936K, 18% used [0x00000000a1a00000,0x00000000a215d478,0x00000000a4100000)
 Metaspace       used 22897K, capacity 23608K, committed 23808K, reserved 1069056K
  class space    used 3072K, capacity 3279K, committed 3328K, reserved 1048576K
}
Event: 5.568 GC heap before
{Heap before GC invocations=8 (full 1):
 PSYoungGen      total 97280K, used 97227K [0x00000000e0900000, 0x00000000e7880000, 0x0000000100000000)
  eden space 89600K, 100% used [0x00000000e0900000,0x00000000e6080000,0x00000000e6080000)
  from space 7680K, 99% used [0x00000000e7100000,0x00000000e7872dd8,0x00000000e7880000)
  to   space 9216K, 0% used [0x00000000e6680000,0x00000000e6680000,0x00000000e6f80000)
 ParOldGen       total 39936K, used 7541K [0x00000000a1a00000, 0x00000000a4100000, 0x00000000e0900000)
  object space 39936K, 18% used [0x00000000a1a00000,0x00000000a215d478,0x00000000a4100000)
 Metaspace       used 26009K, capacity 26974K, committed 27136K, reserved 1073152K
  class space    used 3535K, capacity 3764K, committed 3840K, reserved 1048576K
Event: 5.613 GC heap after
Heap after GC invocations=8 (full 1):
 PSYoungGen      total 98816K, used 9212K [0x00000000e0900000, 0x00000000e7880000, 0x0000000100000000)
  eden space 89600K, 0% used [0x00000000e0900000,0x00000000e0900000,0x00000000e6080000)
  from space 9216K, 99% used [0x00000000e6680000,0x00000000e6f7f2f8,0x00000000e6f80000)
  to   space 7680K, 0% used [0x00000000e7100000,0x00000000e7100000,0x00000000e7880000)
 ParOldGen       total 39936K, used 9631K [0x00000000a1a00000, 0x00000000a4100000, 0x00000000e0900000)
  object space 39936K, 24% used [0x00000000a1a00000,0x00000000a2367da0,0x00000000a4100000)
 Metaspace       used 26009K, capacity 26974K, committed 27136K, reserved 1073152K
  class space    used 3535K, capacity 3764K, committed 3840K, reserved 1048576K
}
Event: 6.768 GC heap before
{Heap before GC invocations=9 (full 1):
 PSYoungGen      total 98816K, used 98812K [0x00000000e0900000, 0x00000000e7880000, 0x0000000100000000)
  eden space 89600K, 100% used [0x00000000e0900000,0x00000000e6080000,0x00000000e6080000)
  from space 9216K, 99% used [0x00000000e6680000,0x00000000e6f7f2f8,0x00000000e6f80000)
  to   space 7680K, 0% used [0x00000000e7100000,0x00000000e7100000,0x00000000e7880000)
 ParOldGen       total 39936K, used 9631K [0x00000000a1a00000, 0x00000000a4100000, 0x00000000e0900000)
  object space 39936K, 24% used [0x00000000a1a00000,0x00000000a2367da0,0x00000000a4100000)
 Metaspace       used 29135K, capacity 30432K, committed 30592K, reserved 1075200K
  class space    used 3925K, capacity 4195K, committed 4224K, reserved 1048576K
Event: 6.798 GC heap after
Heap after GC invocations=9 (full 1):
 PSYoungGen      total 97280K, used 7669K [0x00000000e0900000, 0x00000000e7880000, 0x0000000100000000)
  eden space 89600K, 0% used [0x00000000e0900000,0x00000000e0900000,0x00000000e6080000)
  from space 7680K, 99% used [0x00000000e7100000,0x00000000e787d788,0x00000000e7880000)
  to   space 9216K, 0% used [0x00000000e6680000,0x00000000e6680000,0x00000000e6f80000)
 ParOldGen       total 39936K, used 15398K [0x00000000a1a00000, 0x00000000a4100000, 0x00000000e0900000)
  object space 39936K, 38% used [0x00000000a1a00000,0x00000000a2909860,0x00000000a4100000)
 Metaspace       used 29135K, capacity 30432K, committed 30592K, reserved 1075200K
  class space    used 3925K, capacity 4195K, committed 4224K, reserved 1048576K
}
Event: 7.885 GC heap before
{Heap before GC invocations=10 (full 1):
 PSYoungGen      total 97280K, used 75807K [0x00000000e0900000, 0x00000000e7880000, 0x0000000100000000)
  eden space 89600K, 76% used [0x00000000e0900000,0x00000000e4b8a670,0x00000000e6080000)
  from space 7680K, 99% used [0x00000000e7100000,0x00000000e787d788,0x00000000e7880000)
  to   space 9216K, 0% used [0x00000000e6680000,0x00000000e6680000,0x00000000e6f80000)
 ParOldGen       total 39936K, used 15398K [0x00000000a1a00000, 0x00000000a4100000, 0x00000000e0900000)
  object space 39936K, 38% used [0x00000000a1a00000,0x00000000a2909860,0x00000000a4100000)
 Metaspace       used 33984K, capacity 35310K, committed 35456K, reserved 1079296K
  class space    used 4677K, capacity 4936K, committed 4992K, reserved 1048576K
Event: 7.908 GC heap after
Heap after GC invocations=10 (full 1):
 PSYoungGen      total 98816K, used 9192K [0x00000000e0900000, 0x00000000e7880000, 0x0000000100000000)
  eden space 89600K, 0% used [0x00000000e0900000,0x00000000e0900000,0x00000000e6080000)
  from space 9216K, 99% used [0x00000000e6680000,0x00000000e6f7a2e8,0x00000000e6f80000)
  to   space 7680K, 0% used [0x00000000e7100000,0x00000000e7100000,0x00000000e7880000)
 ParOldGen       total 39936K, used 19749K [0x00000000a1a00000, 0x00000000a4100000, 0x00000000e0900000)
  object space 39936K, 49% used [0x00000000a1a00000,0x00000000a2d49658,0x00000000a4100000)
 Metaspace       used 33984K, capacity 35310K, committed 35456K, reserved 1079296K
  class space    used 4677K, capacity 4936K, committed 4992K, reserved 1048576K
}
Event: 7.908 GC heap before
{Heap before GC invocations=11 (full 2):
 PSYoungGen      total 98816K, used 9192K [0x00000000e0900000, 0x00000000e7880000, 0x0000000100000000)
  eden space 89600K, 0% used [0x00000000e0900000,0x00000000e0900000,0x00000000e6080000)
  from space 9216K, 99% used [0x00000000e6680000,0x00000000e6f7a2e8,0x00000000e6f80000)
  to   space 7680K, 0% used [0x00000000e7100000,0x00000000e7100000,0x00000000e7880000)
 ParOldGen       total 39936K, used 19749K [0x00000000a1a00000, 0x00000000a4100000, 0x00000000e0900000)
  object space 39936K, 49% used [0x00000000a1a00000,0x00000000a2d49658,0x00000000a4100000)
 Metaspace       used 33984K, capacity 35310K, committed 35456K, reserved 1079296K
  class space    used 4677K, capacity 4936K, committed 4992K, reserved 1048576K
Event: 8.066 GC heap after
Heap after GC invocations=11 (full 2):
 PSYoungGen      total 98816K, used 0K [0x00000000e0900000, 0x00000000e7880000, 0x0000000100000000)
  eden space 89600K, 0% used [0x00000000e0900000,0x00000000e0900000,0x00000000e6080000)
  from space 9216K, 0% used [0x00000000e6680000,0x00000000e6680000,0x00000000e6f80000)
  to   space 7680K, 0% used [0x00000000e7100000,0x00000000e7100000,0x00000000e7880000)
 ParOldGen       total 66048K, used 21240K [0x00000000a1a00000, 0x00000000a5a80000, 0x00000000e0900000)
  object space 66048K, 32% used [0x00000000a1a00000,0x00000000a2ebe1d8,0x00000000a5a80000)
 Metaspace       used 33984K, capacity 35310K, committed 35456K, reserved 1079296K
  class space    used 4677K, capacity 4936K, committed 4992K, reserved 1048576K
}

