# JRE version: Java(TM) SE Runtime Environment (8.0_121-b13) (build 1.8.0_121-b13)
# Java VM: Java HotSpot(TM) 64-Bit Server VM (25.121-b13 mixed mode windows-amd64 compressed oops)
Heap:
 PSYoungGen      total 140288K, used 34782K [0x00000000e0900000, 0x00000000ecd80000, 0x0000000100000000)
  eden space 126976K, 27% used [0x00000000e0900000,0x00000000e2af78b0,0x00000000e8500000)
  from space 13312K, 0% used [0x00000000e8500000,0x00000000e8500000,0x00000000e9200000)
  to   space 12800K, 0% used [0x00000000ec100000,0x00000000ec100000,0x00000000ecd80000)
 ParOldGen       total 73728K, used 20571K [0x00000000a1a00000, 0x00000000a6200000, 0x00000000e0900000)
  object space 73728K, 27% used [0x00000000a1a00000,0x00000000a2e16c28,0x00000000a6200000)
 Metaspace       used 36920K, capacity 38544K, committed 38656K, reserved 1083392K
  class space    used 5016K, capacity 5361K, committed 5376K, reserved 1048576K
GC Heap History (10 events):
Event: 21.770 GC heap before
{Heap before GC invocations=9 (full 1):
 PSYoungGen      total 106496K, used 103114K [0x00000000e0900000, 0x00000000e7900000, 0x0000000100000000)
  eden space 98304K, 100% used [0x00000000e0900000,0x00000000e6900000,0x00000000e6900000)
  from space 8192K, 58% used [0x00000000e6900000,0x00000000e6db2bc0,0x00000000e7100000)
  to   space 8192K, 0% used [0x00000000e7100000,0x00000000e7100000,0x00000000e7900000)
 ParOldGen       total 45568K, used 6285K [0x00000000a1a00000, 0x00000000a4680000, 0x00000000e0900000)
  object space 45568K, 13% used [0x00000000a1a00000,0x00000000a2023798,0x00000000a4680000)
 Metaspace       used 25996K, capacity 27104K, committed 27392K, reserved 1073152K
  class space    used 3562K, capacity 3823K, committed 3840K, reserved 1048576K
Event: 21.902 GC heap after
Heap after GC invocations=9 (full 1):
 PSYoungGen      total 105472K, used 8170K [0x00000000e0900000, 0x00000000ead00000, 0x0000000100000000)
  eden space 97280K, 0% used [0x00000000e0900000,0x00000000e0900000,0x00000000e6800000)
  from space 8192K, 99% used [0x00000000e7100000,0x00000000e78fa8a8,0x00000000e7900000)
  to   space 9216K, 0% used [0x00000000e6800000,0x00000000e6800000,0x00000000e7100000)
 ParOldGen       total 45568K, used 6608K [0x00000000a1a00000, 0x00000000a4680000, 0x00000000e0900000)
  object space 45568K, 14% used [0x00000000a1a00000,0x00000000a2074230,0x00000000a4680000)
 Metaspace       used 25996K, capacity 27104K, committed 27392K, reserved 1073152K
  class space    used 3562K, capacity 3823K, committed 3840K, reserved 1048576K
}
Event: 25.551 GC heap before
{Heap before GC invocations=10 (full 1):
 PSYoungGen      total 105472K, used 105450K [0x00000000e0900000, 0x00000000ead00000, 0x0000000100000000)
  eden space 97280K, 100% used [0x00000000e0900000,0x00000000e6800000,0x00000000e6800000)
  from space 8192K, 99% used [0x00000000e7100000,0x00000000e78fa8a8,0x00000000e7900000)
  to   space 9216K, 0% used [0x00000000e6800000,0x00000000e6800000,0x00000000e7100000)
 ParOldGen       total 45568K, used 6608K [0x00000000a1a00000, 0x00000000a4680000, 0x00000000e0900000)
  object space 45568K, 14% used [0x00000000a1a00000,0x00000000a2074230,0x00000000a4680000)
 Metaspace       used 30633K, capacity 32200K, committed 32512K, reserved 1077248K
  class space    used 4207K, capacity 4521K, committed 4608K, reserved 1048576K
Event: 25.620 GC heap after
Heap after GC invocations=10 (full 1):
 PSYoungGen      total 106496K, used 9214K [0x00000000e0900000, 0x00000000e9e00000, 0x0000000100000000)
  eden space 97280K, 0% used [0x00000000e0900000,0x00000000e0900000,0x00000000e6800000)
  from space 9216K, 99% used [0x00000000e6800000,0x00000000e70ff888,0x00000000e7100000)
  to   space 12288K, 0% used [0x00000000e9200000,0x00000000e9200000,0x00000000e9e00000)
 ParOldGen       total 45568K, used 12206K [0x00000000a1a00000, 0x00000000a4680000, 0x00000000e0900000)
  object space 45568K, 26% used [0x00000000a1a00000,0x00000000a25eb8e0,0x00000000a4680000)
 Metaspace       used 30633K, capacity 32200K, committed 32512K, reserved 1077248K
  class space    used 4207K, capacity 4521K, committed 4608K, reserved 1048576K
}
Event: 26.524 GC heap before
{Heap before GC invocations=11 (full 1):
 PSYoungGen      total 106496K, used 106494K [0x00000000e0900000, 0x00000000e9e00000, 0x0000000100000000)
  eden space 97280K, 100% used [0x00000000e0900000,0x00000000e6800000,0x00000000e6800000)
  from space 9216K, 99% used [0x00000000e6800000,0x00000000e70ff888,0x00000000e7100000)
  to   space 12288K, 0% used [0x00000000e9200000,0x00000000e9200000,0x00000000e9e00000)
 ParOldGen       total 45568K, used 12206K [0x00000000a1a00000, 0x00000000a4680000, 0x00000000e0900000)
  object space 45568K, 26% used [0x00000000a1a00000,0x00000000a25eb8e0,0x00000000a4680000)
 Metaspace       used 31963K, capacity 33534K, committed 33664K, reserved 1079296K
  class space    used 4371K, capacity 4702K, committed 4736K, reserved 1048576K
Event: 26.555 GC heap after
Heap after GC invocations=11 (full 1):
 PSYoungGen      total 139264K, used 9660K [0x00000000e0900000, 0x00000000ea280000, 0x0000000100000000)
  eden space 126976K, 0% used [0x00000000e0900000,0x00000000e0900000,0x00000000e8500000)
  from space 12288K, 78% used [0x00000000e9200000,0x00000000e9b6f0e0,0x00000000e9e00000)
  to   space 13312K, 0% used [0x00000000e8500000,0x00000000e8500000,0x00000000e9200000)
 ParOldGen       total 45568K, used 14539K [0x00000000a1a00000, 0x00000000a4680000, 0x00000000e0900000)
  object space 45568K, 31% used [0x00000000a1a00000,0x00000000a2832ff8,0x00000000a4680000)
 Metaspace       used 31963K, capacity 33534K, committed 33664K, reserved 1079296K
  class space    used 4371K, capacity 4702K, committed 4736K, reserved 1048576K
}
Event: 27.147 GC heap before
{Heap before GC invocations=12 (full 1):
 PSYoungGen      total 139264K, used 31047K [0x00000000e0900000, 0x00000000ea280000, 0x0000000100000000)
  eden space 126976K, 16% used [0x00000000e0900000,0x00000000e1de2d00,0x00000000e8500000)
  from space 12288K, 78% used [0x00000000e9200000,0x00000000e9b6f0e0,0x00000000e9e00000)
  to   space 13312K, 0% used [0x00000000e8500000,0x00000000e8500000,0x00000000e9200000)
 ParOldGen       total 45568K, used 14539K [0x00000000a1a00000, 0x00000000a4680000, 0x00000000e0900000)
  object space 45568K, 31% used [0x00000000a1a00000,0x00000000a2832ff8,0x00000000a4680000)
 Metaspace       used 33821K, capacity 35412K, committed 35496K, reserved 1079296K
  class space    used 4518K, capacity 4837K, committed 4864K, reserved 1048576K
Event: 27.180 GC heap after
Heap after GC invocations=12 (full 1):
 PSYoungGen      total 140288K, used 3707K [0x00000000e0900000, 0x00000000ecd80000, 0x0000000100000000)
  eden space 126976K, 0% used [0x00000000e0900000,0x00000000e0900000,0x00000000e8500000)
  from space 13312K, 27% used [0x00000000e8500000,0x00000000e889ec18,0x00000000e9200000)
  to   space 12800K, 0% used [0x00000000ec100000,0x00000000ec100000,0x00000000ecd80000)
 ParOldGen       total 45568K, used 21245K [0x00000000a1a00000, 0x00000000a4680000, 0x00000000e0900000)
  object space 45568K, 46% used [0x00000000a1a00000,0x00000000a2ebf600,0x00000000a4680000)
 Metaspace       used 33821K, capacity 35412K, committed 35496K, reserved 1079296K
  class space    used 4518K, capacity 4837K, committed 4864K, reserved 1048576K
}
Event: 27.180 GC heap before
{Heap before GC invocations=13 (full 2):
 PSYoungGen      total 140288K, used 3707K [0x00000000e0900000, 0x00000000ecd80000, 0x0000000100000000)
  eden space 126976K, 0% used [0x00000000e0900000,0x00000000e0900000,0x00000000e8500000)
  from space 13312K, 27% used [0x00000000e8500000,0x00000000e889ec18,0x00000000e9200000)
  to   space 12800K, 0% used [0x00000000ec100000,0x00000000ec100000,0x00000000ecd80000)
 ParOldGen       total 45568K, used 21245K [0x00000000a1a00000, 0x00000000a4680000, 0x00000000e0900000)
  object space 45568K, 46% used [0x00000000a1a00000,0x00000000a2ebf600,0x00000000a4680000)
 Metaspace       used 33821K, capacity 35412K, committed 35496K, reserved 1079296K
  class space    used 4518K, capacity 4837K, committed 4864K, reserved 1048576K
Event: 27.310 GC heap after
Heap after GC invocations=13 (full 2):
 PSYoungGen      total 140288K, used 0K [0x00000000e0900000, 0x00000000ecd80000, 0x0000000100000000)
  eden space 126976K, 0% used [0x00000000e0900000,0x00000000e0900000,0x00000000e8500000)
  from space 13312K, 0% used [0x00000000e8500000,0x00000000e8500000,0x00000000e9200000)
  to   space 12800K, 0% used [0x00000000ec100000,0x00000000ec100000,0x00000000ecd80000)
 ParOldGen       total 73728K, used 20571K [0x00000000a1a00000, 0x00000000a6200000, 0x00000000e0900000)
  object space 73728K, 27% used [0x00000000a1a00000,0x00000000a2e16c28,0x00000000a6200000)
 Metaspace       used 33821K, capacity 35412K, committed 35496K, reserved 1079296K
  class space    used 4518K, capacity 4837K, committed 4864K, reserved 1048576K
}

