# JRE version: Java(TM) SE Runtime Environment (8.0_121-b13) (build 1.8.0_121-b13)
# Java VM: Java HotSpot(TM) 64-Bit Server VM (25.121-b13 mixed mode windows-amd64 compressed oops)
Heap:
 PSYoungGen      total 330240K, used 13351K [0x00000000e0900000, 0x00000000fe980000, 0x0000000100000000)
  eden space 310784K, 4% used [0x00000000e0900000,0x00000000e1609da0,0x00000000f3880000)
  from space 19456K, 0% used [0x00000000f3880000,0x00000000f3880000,0x00000000f4b80000)
  to   space 19968K, 0% used [0x00000000fd600000,0x00000000fd600000,0x00000000fe980000)
 ParOldGen       total 69120K, used 34553K [0x00000000a1a00000, 0x00000000a5d80000, 0x00000000e0900000)
  object space 69120K, 49% used [0x00000000a1a00000,0x00000000a3bbe478,0x00000000a5d80000)
 Metaspace       used 56644K, capacity 59280K, committed 59416K, reserved 1099776K
  class space    used 7780K, capacity 8246K, committed 8320K, reserved 1048576K
GC Heap History (10 events):
Event: 7.811 GC heap before
{Heap before GC invocations=12 (full 2):
 PSYoungGen      total 247808K, used 10009K [0x00000000e0900000, 0x00000000f0a80000, 0x0000000100000000)
  eden space 235008K, 0% used [0x00000000e0900000,0x00000000e0900000,0x00000000eee80000)
  from space 12800K, 78% used [0x00000000efc00000,0x00000000f05c6500,0x00000000f0880000)
  to   space 13824K, 0% used [0x00000000eee80000,0x00000000eee80000,0x00000000efc00000)
 ParOldGen       total 40448K, used 16666K [0x00000000a1a00000, 0x00000000a4180000, 0x00000000e0900000)
  object space 40448K, 41% used [0x00000000a1a00000,0x00000000a2a46ab0,0x00000000a4180000)
 Metaspace       used 33879K, capacity 35466K, committed 35496K, reserved 1079296K
  class space    used 4519K, capacity 4860K, committed 4864K, reserved 1048576K
Event: 7.947 GC heap after
Heap after GC invocations=12 (full 2):
 PSYoungGen      total 247808K, used 0K [0x00000000e0900000, 0x00000000f0a80000, 0x0000000100000000)
  eden space 235008K, 0% used [0x00000000e0900000,0x00000000e0900000,0x00000000eee80000)
  from space 12800K, 0% used [0x00000000efc00000,0x00000000efc00000,0x00000000f0880000)
  to   space 13824K, 0% used [0x00000000eee80000,0x00000000eee80000,0x00000000efc00000)
 ParOldGen       total 69120K, used 21111K [0x00000000a1a00000, 0x00000000a5d80000, 0x00000000e0900000)
  object space 69120K, 30% used [0x00000000a1a00000,0x00000000a2e9df30,0x00000000a5d80000)
 Metaspace       used 33879K, capacity 35466K, committed 35496K, reserved 1079296K
  class space    used 4519K, capacity 4860K, committed 4864K, reserved 1048576K
}
Event: 11.478 GC heap before
{Heap before GC invocations=13 (full 2):
 PSYoungGen      total 247808K, used 235008K [0x00000000e0900000, 0x00000000f0a80000, 0x0000000100000000)
  eden space 235008K, 100% used [0x00000000e0900000,0x00000000eee80000,0x00000000eee80000)
  from space 12800K, 0% used [0x00000000efc00000,0x00000000efc00000,0x00000000f0880000)
  to   space 13824K, 0% used [0x00000000eee80000,0x00000000eee80000,0x00000000efc00000)
 ParOldGen       total 69120K, used 21111K [0x00000000a1a00000, 0x00000000a5d80000, 0x00000000e0900000)
  object space 69120K, 30% used [0x00000000a1a00000,0x00000000a2e9df30,0x00000000a5d80000)
 Metaspace       used 48172K, capacity 50496K, committed 50560K, reserved 1093632K
  class space    used 6602K, capacity 7031K, committed 7040K, reserved 1048576K
Event: 11.511 GC heap after
Heap after GC invocations=13 (full 2):
 PSYoungGen      total 248832K, used 13792K [0x00000000e0900000, 0x00000000f6080000, 0x0000000100000000)
  eden space 235008K, 0% used [0x00000000e0900000,0x00000000e0900000,0x00000000eee80000)
  from space 13824K, 99% used [0x00000000eee80000,0x00000000efbf8368,0x00000000efc00000)
  to   space 17920K, 0% used [0x00000000f4f00000,0x00000000f4f00000,0x00000000f6080000)
 ParOldGen       total 69120K, used 27396K [0x00000000a1a00000, 0x00000000a5d80000, 0x00000000e0900000)
  object space 69120K, 39% used [0x00000000a1a00000,0x00000000a34c1380,0x00000000a5d80000)
 Metaspace       used 48172K, capacity 50496K, committed 50560K, reserved 1093632K
  class space    used 6602K, capacity 7031K, committed 7040K, reserved 1048576K
}
Event: 24.521 GC heap before
{Heap before GC invocations=14 (full 2):
 PSYoungGen      total 248832K, used 248800K [0x00000000e0900000, 0x00000000f6080000, 0x0000000100000000)
  eden space 235008K, 100% used [0x00000000e0900000,0x00000000eee80000,0x00000000eee80000)
  from space 13824K, 99% used [0x00000000eee80000,0x00000000efbf8368,0x00000000efc00000)
  to   space 17920K, 0% used [0x00000000f4f00000,0x00000000f4f00000,0x00000000f6080000)
 ParOldGen       total 69120K, used 27396K [0x00000000a1a00000, 0x00000000a5d80000, 0x00000000e0900000)
  object space 69120K, 39% used [0x00000000a1a00000,0x00000000a34c1380,0x00000000a5d80000)
 Metaspace       used 56227K, capacity 58886K, committed 59008K, reserved 1099776K
  class space    used 7727K, capacity 8207K, committed 8320K, reserved 1048576K
Event: 24.580 GC heap after
Heap after GC invocations=14 (full 2):
 PSYoungGen      total 323584K, used 15443K [0x00000000e0900000, 0x00000000f5e80000, 0x0000000100000000)
  eden space 307712K, 0% used [0x00000000e0900000,0x00000000e0900000,0x00000000f3580000)
  from space 15872K, 97% used [0x00000000f4f00000,0x00000000f5e14e58,0x00000000f5e80000)
  to   space 19456K, 0% used [0x00000000f3880000,0x00000000f3880000,0x00000000f4b80000)
 ParOldGen       total 69120K, used 35603K [0x00000000a1a00000, 0x00000000a5d80000, 0x00000000e0900000)
  object space 69120K, 51% used [0x00000000a1a00000,0x00000000a3cc4e50,0x00000000a5d80000)
 Metaspace       used 56227K, capacity 58886K, committed 59008K, reserved 1099776K
  class space    used 7727K, capacity 8207K, committed 8320K, reserved 1048576K
}
Event: 24.759 GC heap before
{Heap before GC invocations=15 (full 2):
 PSYoungGen      total 323584K, used 18237K [0x00000000e0900000, 0x00000000f5e80000, 0x0000000100000000)
  eden space 307712K, 0% used [0x00000000e0900000,0x00000000e0bba998,0x00000000f3580000)
  from space 15872K, 97% used [0x00000000f4f00000,0x00000000f5e14e58,0x00000000f5e80000)
  to   space 19456K, 0% used [0x00000000f3880000,0x00000000f3880000,0x00000000f4b80000)
 ParOldGen       total 69120K, used 35603K [0x00000000a1a00000, 0x00000000a5d80000, 0x00000000e0900000)
  object space 69120K, 51% used [0x00000000a1a00000,0x00000000a3cc4e50,0x00000000a5d80000)
 Metaspace       used 56405K, capacity 59052K, committed 59160K, reserved 1099776K
  class space    used 7742K, capacity 8240K, committed 8320K, reserved 1048576K
Event: 24.820 GC heap after
Heap after GC invocations=15 (full 2):
 PSYoungGen      total 330240K, used 599K [0x00000000e0900000, 0x00000000fe980000, 0x0000000100000000)
  eden space 310784K, 0% used [0x00000000e0900000,0x00000000e0900000,0x00000000f3880000)
  from space 19456K, 3% used [0x00000000f3880000,0x00000000f3915f78,0x00000000f4b80000)
  to   space 19968K, 0% used [0x00000000fd600000,0x00000000fd600000,0x00000000fe980000)
 ParOldGen       total 69120K, used 44174K [0x00000000a1a00000, 0x00000000a5d80000, 0x00000000e0900000)
  object space 69120K, 63% used [0x00000000a1a00000,0x00000000a4523868,0x00000000a5d80000)
 Metaspace       used 56405K, capacity 59052K, committed 59160K, reserved 1099776K
  class space    used 7742K, capacity 8240K, committed 8320K, reserved 1048576K
}
Event: 24.821 GC heap before
{Heap before GC invocations=16 (full 3):
 PSYoungGen      total 330240K, used 599K [0x00000000e0900000, 0x00000000fe980000, 0x0000000100000000)
  eden space 310784K, 0% used [0x00000000e0900000,0x00000000e0900000,0x00000000f3880000)
  from space 19456K, 3% used [0x00000000f3880000,0x00000000f3915f78,0x00000000f4b80000)
  to   space 19968K, 0% used [0x00000000fd600000,0x00000000fd600000,0x00000000fe980000)
 ParOldGen       total 69120K, used 44174K [0x00000000a1a00000, 0x00000000a5d80000, 0x00000000e0900000)
  object space 69120K, 63% used [0x00000000a1a00000,0x00000000a4523868,0x00000000a5d80000)
 Metaspace       used 56405K, capacity 59052K, committed 59160K, reserved 1099776K
  class space    used 7742K, capacity 8240K, committed 8320K, reserved 1048576K
Event: 25.225 GC heap after
Heap after GC invocations=16 (full 3):
 PSYoungGen      total 330240K, used 0K [0x00000000e0900000, 0x00000000fe980000, 0x0000000100000000)
  eden space 310784K, 0% used [0x00000000e0900000,0x00000000e0900000,0x00000000f3880000)
  from space 19456K, 0% used [0x00000000f3880000,0x00000000f3880000,0x00000000f4b80000)
  to   space 19968K, 0% used [0x00000000fd600000,0x00000000fd600000,0x00000000fe980000)
 ParOldGen       total 69120K, used 34553K [0x00000000a1a00000, 0x00000000a5d80000, 0x00000000e0900000)
  object space 69120K, 49% used [0x00000000a1a00000,0x00000000a3bbe478,0x00000000a5d80000)
 Metaspace       used 56405K, capacity 59052K, committed 59160K, reserved 1099776K
  class space    used 7742K, capacity 8240K, committed 8320K, reserved 1048576K
}

