# JRE version: Java(TM) SE Runtime Environment (8.0_121-b13) (build 1.8.0_121-b13)
# Java VM: Java HotSpot(TM) 64-Bit Server VM (25.121-b13 mixed mode windows-amd64 compressed oops)
Heap:
 PSYoungGen      total 164352K, used 85313K [0x00000000e0900000, 0x00000000eff00000, 0x0000000100000000)
  eden space 151552K, 56% used [0x00000000e0900000,0x00000000e5c50600,0x00000000e9d00000)
  from space 12800K, 0% used [0x00000000e9d00000,0x00000000e9d00000,0x00000000ea980000)
  to   space 15872K, 0% used [0x00000000eef80000,0x00000000eef80000,0x00000000eff00000)
 ParOldGen       total 70656K, used 20346K [0x00000000a1a00000, 0x00000000a5f00000, 0x00000000e0900000)
  object space 70656K, 28% used [0x00000000a1a00000,0x00000000a2dde988,0x00000000a5f00000)
 Metaspace       used 40439K, capacity 42080K, committed 42240K, reserved 1087488K
  class space    used 5540K, capacity 5869K, committed 5888K, reserved 1048576K
GC Heap History (10 events):
Event: 26.071 GC heap before
{Heap before GC invocations=7 (full 1):
 PSYoungGen      total 53248K, used 49132K [0x00000000e0900000, 0x00000000e7b00000, 0x0000000100000000)
  eden space 49152K, 99% used [0x00000000e0900000,0x00000000e38fb0e8,0x00000000e3900000)
  from space 4096K, 0% used [0x00000000e3900000,0x00000000e3900000,0x00000000e3d00000)
  to   space 9216K, 0% used [0x00000000e7200000,0x00000000e7200000,0x00000000e7b00000)
 ParOldGen       total 42496K, used 8371K [0x00000000a1a00000, 0x00000000a4380000, 0x00000000e0900000)
  object space 42496K, 19% used [0x00000000a1a00000,0x00000000a222cce0,0x00000000a4380000)
 Metaspace       used 22145K, capacity 22852K, committed 22912K, reserved 1069056K
  class space    used 2951K, capacity 3165K, committed 3200K, reserved 1048576K
Event: 26.079 GC heap after
Heap after GC invocations=7 (full 1):
 PSYoungGen      total 91136K, used 3463K [0x00000000e0900000, 0x00000000e7580000, 0x0000000100000000)
  eden space 87552K, 0% used [0x00000000e0900000,0x00000000e0900000,0x00000000e5e80000)
  from space 3584K, 96% used [0x00000000e7200000,0x00000000e7561d18,0x00000000e7580000)
  to   space 9216K, 0% used [0x00000000e6380000,0x00000000e6380000,0x00000000e6c80000)
 ParOldGen       total 42496K, used 8379K [0x00000000a1a00000, 0x00000000a4380000, 0x00000000e0900000)
  object space 42496K, 19% used [0x00000000a1a00000,0x00000000a222ece0,0x00000000a4380000)
 Metaspace       used 22145K, capacity 22852K, committed 22912K, reserved 1069056K
  class space    used 2951K, capacity 3165K, committed 3200K, reserved 1048576K
}
Event: 28.119 GC heap before
{Heap before GC invocations=8 (full 1):
 PSYoungGen      total 91136K, used 91015K [0x00000000e0900000, 0x00000000e7580000, 0x0000000100000000)
  eden space 87552K, 100% used [0x00000000e0900000,0x00000000e5e80000,0x00000000e5e80000)
  from space 3584K, 96% used [0x00000000e7200000,0x00000000e7561d18,0x00000000e7580000)
  to   space 9216K, 0% used [0x00000000e6380000,0x00000000e6380000,0x00000000e6c80000)
 ParOldGen       total 42496K, used 8379K [0x00000000a1a00000, 0x00000000a4380000, 0x00000000e0900000)
  object space 42496K, 19% used [0x00000000a1a00000,0x00000000a222ece0,0x00000000a4380000)
 Metaspace       used 25622K, capacity 26546K, committed 26752K, reserved 1073152K
  class space    used 3458K, capacity 3690K, committed 3712K, reserved 1048576K
Event: 28.134 GC heap after
Heap after GC invocations=8 (full 1):
 PSYoungGen      total 101888K, used 8218K [0x00000000e0900000, 0x00000000eb380000, 0x0000000100000000)
  eden space 92672K, 0% used [0x00000000e0900000,0x00000000e0900000,0x00000000e6380000)
  from space 9216K, 89% used [0x00000000e6380000,0x00000000e6b869f0,0x00000000e6c80000)
  to   space 10240K, 0% used [0x00000000ea980000,0x00000000ea980000,0x00000000eb380000)
 ParOldGen       total 42496K, used 8379K [0x00000000a1a00000, 0x00000000a4380000, 0x00000000e0900000)
  object space 42496K, 19% used [0x00000000a1a00000,0x00000000a222ece0,0x00000000a4380000)
 Metaspace       used 25622K, capacity 26546K, committed 26752K, reserved 1073152K
  class space    used 3458K, capacity 3690K, committed 3712K, reserved 1048576K
}
Event: 30.871 GC heap before
{Heap before GC invocations=9 (full 1):
 PSYoungGen      total 101888K, used 100890K [0x00000000e0900000, 0x00000000eb380000, 0x0000000100000000)
  eden space 92672K, 100% used [0x00000000e0900000,0x00000000e6380000,0x00000000e6380000)
  from space 9216K, 89% used [0x00000000e6380000,0x00000000e6b869f0,0x00000000e6c80000)
  to   space 10240K, 0% used [0x00000000ea980000,0x00000000ea980000,0x00000000eb380000)
 ParOldGen       total 42496K, used 8379K [0x00000000a1a00000, 0x00000000a4380000, 0x00000000e0900000)
  object space 42496K, 19% used [0x00000000a1a00000,0x00000000a222ece0,0x00000000a4380000)
 Metaspace       used 29649K, capacity 30978K, committed 31232K, reserved 1077248K
  class space    used 4002K, capacity 4264K, committed 4352K, reserved 1048576K
Event: 30.893 GC heap after
Heap after GC invocations=9 (full 1):
 PSYoungGen      total 161792K, used 10226K [0x00000000e0900000, 0x00000000ec080000, 0x0000000100000000)
  eden space 151552K, 0% used [0x00000000e0900000,0x00000000e0900000,0x00000000e9d00000)
  from space 10240K, 99% used [0x00000000ea980000,0x00000000eb37cbb8,0x00000000eb380000)
  to   space 12800K, 0% used [0x00000000e9d00000,0x00000000e9d00000,0x00000000ea980000)
 ParOldGen       total 42496K, used 11533K [0x00000000a1a00000, 0x00000000a4380000, 0x00000000e0900000)
  object space 42496K, 27% used [0x00000000a1a00000,0x00000000a2543650,0x00000000a4380000)
 Metaspace       used 29649K, capacity 30978K, committed 31232K, reserved 1077248K
  class space    used 4002K, capacity 4264K, committed 4352K, reserved 1048576K
}
Event: 33.370 GC heap before
{Heap before GC invocations=10 (full 1):
 PSYoungGen      total 161792K, used 55654K [0x00000000e0900000, 0x00000000ec080000, 0x0000000100000000)
  eden space 151552K, 29% used [0x00000000e0900000,0x00000000e355d028,0x00000000e9d00000)
  from space 10240K, 99% used [0x00000000ea980000,0x00000000eb37cbb8,0x00000000eb380000)
  to   space 12800K, 0% used [0x00000000e9d00000,0x00000000e9d00000,0x00000000ea980000)
 ParOldGen       total 42496K, used 11533K [0x00000000a1a00000, 0x00000000a4380000, 0x00000000e0900000)
  object space 42496K, 27% used [0x00000000a1a00000,0x00000000a2543650,0x00000000a4380000)
 Metaspace       used 33852K, capacity 35406K, committed 35496K, reserved 1079296K
  class space    used 4527K, capacity 4836K, committed 4864K, reserved 1048576K
Event: 33.392 GC heap after
Heap after GC invocations=10 (full 1):
 PSYoungGen      total 164352K, used 12791K [0x00000000e0900000, 0x00000000eff00000, 0x0000000100000000)
  eden space 151552K, 0% used [0x00000000e0900000,0x00000000e0900000,0x00000000e9d00000)
  from space 12800K, 99% used [0x00000000e9d00000,0x00000000ea97dd00,0x00000000ea980000)
  to   space 15872K, 0% used [0x00000000eef80000,0x00000000eef80000,0x00000000eff00000)
 ParOldGen       total 42496K, used 14058K [0x00000000a1a00000, 0x00000000a4380000, 0x00000000e0900000)
  object space 42496K, 33% used [0x00000000a1a00000,0x00000000a27ba9d8,0x00000000a4380000)
 Metaspace       used 33852K, capacity 35406K, committed 35496K, reserved 1079296K
  class space    used 4527K, capacity 4836K, committed 4864K, reserved 1048576K
}
Event: 33.393 GC heap before
{Heap before GC invocations=11 (full 2):
 PSYoungGen      total 164352K, used 12791K [0x00000000e0900000, 0x00000000eff00000, 0x0000000100000000)
  eden space 151552K, 0% used [0x00000000e0900000,0x00000000e0900000,0x00000000e9d00000)
  from space 12800K, 99% used [0x00000000e9d00000,0x00000000ea97dd00,0x00000000ea980000)
  to   space 15872K, 0% used [0x00000000eef80000,0x00000000eef80000,0x00000000eff00000)
 ParOldGen       total 42496K, used 14058K [0x00000000a1a00000, 0x00000000a4380000, 0x00000000e0900000)
  object space 42496K, 33% used [0x00000000a1a00000,0x00000000a27ba9d8,0x00000000a4380000)
 Metaspace       used 33852K, capacity 35406K, committed 35496K, reserved 1079296K
  class space    used 4527K, capacity 4836K, committed 4864K, reserved 1048576K
Event: 33.550 GC heap after
Heap after GC invocations=11 (full 2):
 PSYoungGen      total 164352K, used 0K [0x00000000e0900000, 0x00000000eff00000, 0x0000000100000000)
  eden space 151552K, 0% used [0x00000000e0900000,0x00000000e0900000,0x00000000e9d00000)
  from space 12800K, 0% used [0x00000000e9d00000,0x00000000e9d00000,0x00000000ea980000)
  to   space 15872K, 0% used [0x00000000eef80000,0x00000000eef80000,0x00000000eff00000)
 ParOldGen       total 70656K, used 20346K [0x00000000a1a00000, 0x00000000a5f00000, 0x00000000e0900000)
  object space 70656K, 28% used [0x00000000a1a00000,0x00000000a2dde988,0x00000000a5f00000)
 Metaspace       used 33852K, capacity 35406K, committed 35496K, reserved 1079296K
  class space    used 4527K, capacity 4836K, committed 4864K, reserved 1048576K
}

